Using pre-set license
Built from '2021.1/staging' branch; Version is '2021.1.22f1 (a137e5fb0427) revision 10565605'; Using compiler version '192528614'; Build Type 'Release'
OS: 'Windows 10 Home; OS build 19043.1237; Version 2009; 64bit' Language: 'en' Physical Memory: 16276 MB
BatchMode: 1, IsHumanControllingUs: 0, StartBugReporterOnCrash: 0, Is64bit: 1, IsPro: 0

COMMAND LINE ARGUMENTS:
C:\Program Files\Unity\Hub\Editor\2021.1.22f1\Editor\Unity.exe
-adb2
-batchMode
-noUpm
-name
AssetImportWorker0
-projectPath
C:/Users/Ophas/Documents/GitHub/PrismoRarity/PrismoRarity Unity Project
-logFile
Logs/AssetImportWorker0.log
-srvPort
59416
Successfully changed project path to: C:/Users/Ophas/Documents/GitHub/PrismoRarity/PrismoRarity Unity Project
C:/Users/Ophas/Documents/GitHub/PrismoRarity/PrismoRarity Unity Project
Using Asset Import Pipeline V2.
Refreshing native plugins compatible for Editor in 121.18 ms, found 3 plugins.
Preloading 0 native plugins for Editor in 0.00 ms.
Initialize engine version: 2021.1.22f1 (a137e5fb0427)
[Subsystems] Discovering subsystems at path C:/Program Files/Unity/Hub/Editor/2021.1.22f1/Editor/Data/Resources/UnitySubsystems
[Subsystems] Discovering subsystems at path C:/Users/Ophas/Documents/GitHub/PrismoRarity/PrismoRarity Unity Project/Assets
GfxDevice: creating device client; threaded=0; jobified=0
Direct3D:
    Version:  Direct3D 11.0 [level 11.1]
    Renderer: NVIDIA GeForce GTX 1050 Ti (ID=0x1c8c)
    Vendor:   NVIDIA
    VRAM:     4021 MB
    Driver:   30.0.14.7212
Initialize mono
Mono path[0] = 'C:/Program Files/Unity/Hub/Editor/2021.1.22f1/Editor/Data/Managed'
Mono path[1] = 'C:/Program Files/Unity/Hub/Editor/2021.1.22f1/Editor/Data/MonoBleedingEdge/lib/mono/unityjit'
Mono config path = 'C:/Program Files/Unity/Hub/Editor/2021.1.22f1/Editor/Data/MonoBleedingEdge/etc'
Using monoOptions --debugger-agent=transport=dt_socket,embedding=1,server=y,suspend=n,address=127.0.0.1:56404
Begin MonoManager ReloadAssembly
Registering precompiled unity dll's ...
Register platform support module: C:/Program Files/Unity/Hub/Editor/2021.1.22f1/Editor/Data/PlaybackEngines/WindowsStandaloneSupport/UnityEditor.WindowsStandalone.Extensions.dll
Registered in 0.002182 seconds.
Native extension for WindowsStandalone target not found
Refreshing native plugins compatible for Editor in 117.39 ms, found 3 plugins.
Preloading 0 native plugins for Editor in 0.00 ms.
Mono: successfully reloaded assembly
- Completed reload, in  1.504 seconds
Domain Reload Profiling:
	ReloadAssembly (1505ms)
		BeginReloadAssembly (84ms)
			ExecutionOrderSort (0ms)
			DisableScriptedObjects (0ms)
			BackupInstance (0ms)
			ReleaseScriptingObjects (0ms)
			CreateAndSetChildDomain (1ms)
		EndReloadAssembly (572ms)
			LoadAssemblies (82ms)
			RebuildTransferFunctionScriptingTraits (0ms)
			SetupTypeCache (202ms)
			ReleaseScriptCaches (0ms)
			RebuildScriptCaches (36ms)
			SetupLoadedEditorAssemblies (279ms)
				LogAssemblyErrors (0ms)
				InitializePlatformSupportModulesInManaged (7ms)
				SetLoadedEditorAssemblies (0ms)
				RefreshPlugins (118ms)
				BeforeProcessingInitializeOnLoad (2ms)
				ProcessInitializeOnLoadAttributes (118ms)
				ProcessInitializeOnLoadMethodAttributes (34ms)
				AfterProcessingInitializeOnLoad (0ms)
				EditorAssembliesLoaded (0ms)
			ExecutionOrderSort2 (0ms)
			AwakeInstancesAfterBackupRestoration (0ms)
Platform modules already initialized, skipping
Registering precompiled user dll's ...
Registered in 0.025019 seconds.
Begin MonoManager ReloadAssembly
Symbol file LoadedFromMemory doesn't match image C:\Users\Ophas\Documents\GitHub\PrismoRarity\PrismoRarity Unity Project\Library\PackageCache\com.unity.visualscripting@1.6.1\Editor\VisualScripting.Core\Dependencies\DotNetZip\Unity.VisualScripting.IonicZip.dll
Symbol file LoadedFromMemory doesn't match image C:\Users\Ophas\Documents\GitHub\PrismoRarity\PrismoRarity Unity Project\Library\PackageCache\com.unity.visualscripting@1.6.1\Editor\VisualScripting.Core\Dependencies\YamlDotNet\Unity.VisualScripting.YamlDotNet.dll
Native extension for WindowsStandalone target not found
Refreshing native plugins compatible for Editor in 1.53 ms, found 3 plugins.
Preloading 0 native plugins for Editor in 0.00 ms.
Mono: successfully reloaded assembly
- Completed reload, in  1.675 seconds
Domain Reload Profiling:
	ReloadAssembly (1675ms)
		BeginReloadAssembly (181ms)
			ExecutionOrderSort (0ms)
			DisableScriptedObjects (6ms)
			BackupInstance (0ms)
			ReleaseScriptingObjects (0ms)
			CreateAndSetChildDomain (24ms)
		EndReloadAssembly (1424ms)
			LoadAssemblies (127ms)
			RebuildTransferFunctionScriptingTraits (0ms)
			SetupTypeCache (721ms)
			ReleaseScriptCaches (1ms)
			RebuildScriptCaches (66ms)
			SetupLoadedEditorAssemblies (391ms)
				LogAssemblyErrors (0ms)
				InitializePlatformSupportModulesInManaged (6ms)
				SetLoadedEditorAssemblies (1ms)
				RefreshPlugins (2ms)
				BeforeProcessingInitializeOnLoad (89ms)
				ProcessInitializeOnLoadAttributes (280ms)
				ProcessInitializeOnLoadMethodAttributes (6ms)
				AfterProcessingInitializeOnLoad (7ms)
				EditorAssembliesLoaded (0ms)
			ExecutionOrderSort2 (0ms)
			AwakeInstancesAfterBackupRestoration (6ms)
Platform modules already initialized, skipping
========================================================================
Worker process is ready to serve import requests
Launched and connected shader compiler UnityShaderCompiler.exe after 0.07 seconds
Refreshing native plugins compatible for Editor in 0.99 ms, found 3 plugins.
Preloading 0 native plugins for Editor in 0.00 ms.
Unloading 3149 Unused Serialized files (Serialized files now loaded: 0)
System memory in use before: 177.2 MB.
System memory in use after: 177.4 MB.

Unloading 55 unused Assets to reduce memory usage. Loaded Objects now: 3565.
Total: 4.223300 ms (FindLiveObjects: 0.381800 ms CreateObjectMapping: 0.198400 ms MarkObjects: 3.536600 ms  DeleteObjects: 0.105000 ms)

AssetImportParameters requested are different than current active one (requested -> active):
  custom:framework-win-MediaFoundation: 216162199b28c13a410421893ffa2e32 -> 
  custom:video-decoder-ogg-theora: a1e56fd34408186e4bbccfd4996cb3dc -> 
  custom:container-muxer-webm: aa71ff27fc2769a1b78a27578f13a17b -> 
  custom:container-demuxer-webm: 4f35f7cbe854078d1ac9338744f61a02 -> 
  custom:container-demuxer-ogg: 62fdf1f143b41e24485cea50d1cbac27 -> 
  custom:video-encoder-webm-vp8: eb34c28f22e8b96e1ab97ce403110664 -> 
  custom:video-decoder-webm-vp8: 9c59270c3fd7afecdb556c50c9e8de78 -> 
  custom:audio-decoder-ogg-vorbis: bf7c407c2cedff20999df2af8eb42d56 -> 
  custom:audio-encoder-webm-vorbis: bf7c407c2cedff20999df2af8eb42d56 -> 
========================================================================
Received Import Request.
  path: Assets/BloodCellTarget.prefab
  artifactKey: Guid(6e5cd40905a8da04d82ce57bac7b4083) Importer(815301076,1909f56bfc062723c751e8b465ee728b)
Start importing Assets/BloodCellTarget.prefab using Guid(6e5cd40905a8da04d82ce57bac7b4083) Importer(815301076,1909f56bfc062723c751e8b465ee728b)  -> (artifact id: 'e56289e98f2f9aa371ed19e5fdc54648') in 0.213832 seconds 
========================================================================
Received Import Request.
  Time since last request: 0.000399 seconds.
  path: Assets/ChangeTextInWebGL.cs
  artifactKey: Guid(74572a33d211210459328c0ac1b34213) Importer(815301076,1909f56bfc062723c751e8b465ee728b)
Start importing Assets/ChangeTextInWebGL.cs using Guid(74572a33d211210459328c0ac1b34213) Importer(815301076,1909f56bfc062723c751e8b465ee728b)  -> (artifact id: '47e67abe6209a7cbdbb452762b2df129') in 0.012268 seconds 
========================================================================
Received Import Request.
  Time since last request: 0.000361 seconds.
  path: Assets/GermSlimeTarget.prefab
  artifactKey: Guid(df37d0242554d55498f6ad9fa1f61029) Importer(815301076,1909f56bfc062723c751e8b465ee728b)
Start importing Assets/GermSlimeTarget.prefab using Guid(df37d0242554d55498f6ad9fa1f61029) Importer(815301076,1909f56bfc062723c751e8b465ee728b)  -> (artifact id: '909dfd40961736bf6f9c97c9f0d43a31') in 0.114435 seconds 
========================================================================
Received Import Request.
  Time since last request: 18.643731 seconds.
  path: Assets/TokenDeployAndSendCoroutinesUnityWebRequest.cs
  artifactKey: Guid(779b8e6b255570647b4477b906256bba) Importer(815301076,1909f56bfc062723c751e8b465ee728b)
Start importing Assets/TokenDeployAndSendCoroutinesUnityWebRequest.cs using Guid(779b8e6b255570647b4477b906256bba) Importer(815301076,1909f56bfc062723c751e8b465ee728b)  -> (artifact id: '7cbc5c6ac670b8b6f7534816e5883415') in 0.009478 seconds 
========================================================================
Received Import Request.
  Time since last request: 27.317258 seconds.
  path: Assets/net461dlls
  artifactKey: Guid(d687aa16bab9c704db9809fc8a1f28e6) Importer(815301076,1909f56bfc062723c751e8b465ee728b)
Start importing Assets/net461dlls using Guid(d687aa16bab9c704db9809fc8a1f28e6) Importer(815301076,1909f56bfc062723c751e8b465ee728b)  -> (artifact id: '76fa314f83bc4ec3a87a932bf3e2a83f') in 0.009223 seconds 
========================================================================
Received Import Request.
  Time since last request: 14.344410 seconds.
  path: Assets/unitynet35dlls
  artifactKey: Guid(4b455f41d67f64049a9017c98d2d0268) Importer(815301076,1909f56bfc062723c751e8b465ee728b)
Start importing Assets/unitynet35dlls using Guid(4b455f41d67f64049a9017c98d2d0268) Importer(815301076,1909f56bfc062723c751e8b465ee728b)  -> (artifact id: 'ef656c6f298ec18693222e6ae400915d') in 0.010808 seconds 
========================================================================
Received Import Request.
  Time since last request: 8.476358 seconds.
  path: Assets/net472dlls
  artifactKey: Guid(4abc157e8c68b0047a9eb76a6bb56534) Importer(815301076,1909f56bfc062723c751e8b465ee728b)
Start importing Assets/net472dlls using Guid(4abc157e8c68b0047a9eb76a6bb56534) Importer(815301076,1909f56bfc062723c751e8b465ee728b)  -> (artifact id: '4db07be649afd7aa366a41e5ff74e23a') in 0.011629 seconds 
========================================================================
Received Import Request.
  Time since last request: 0.382608 seconds.
  path: Assets/net461dllsAOT
  artifactKey: Guid(2e0202177a33c8143aaebf0858e4e699) Importer(815301076,1909f56bfc062723c751e8b465ee728b)
Start importing Assets/net461dllsAOT using Guid(2e0202177a33c8143aaebf0858e4e699) Importer(815301076,1909f56bfc062723c751e8b465ee728b)  -> (artifact id: '20fd65f15cfcba73c2664f6c2389507a') in 0.011601 seconds 
========================================================================
Received Import Request.
  Time since last request: 21.024460 seconds.
  path: Assets/Plugins
  artifactKey: Guid(eaf18b3371522fe48bcd4e7bc1b2d94d) Importer(815301076,1909f56bfc062723c751e8b465ee728b)
Start importing Assets/Plugins using Guid(eaf18b3371522fe48bcd4e7bc1b2d94d) Importer(815301076,1909f56bfc062723c751e8b465ee728b)  -> (artifact id: 'ed3fd2117d954a9c2e0f8aac9e5805a7') in 0.010389 seconds 
========================================================================
Received Import Request.
  Time since last request: 119.718709 seconds.
  path: Assets/Plugins/BouncyCastle.Crypto.dll
  artifactKey: Guid(ed2cdabaedf7c4648b344c8e9bfa4e56) Importer(815301076,1909f56bfc062723c751e8b465ee728b)
Start importing Assets/Plugins/BouncyCastle.Crypto.dll using Guid(ed2cdabaedf7c4648b344c8e9bfa4e56) Importer(815301076,1909f56bfc062723c751e8b465ee728b)  -> (artifact id: '94dd1feabaa554b896692d855f051ef4') in 0.013790 seconds 
========================================================================
Received Import Request.
  Time since last request: 1.579258 seconds.
  path: Assets/Plugins/Common.Logging.Core.dll
  artifactKey: Guid(08dcd3a962605714583cac174d5a5e34) Importer(815301076,1909f56bfc062723c751e8b465ee728b)
Start importing Assets/Plugins/Common.Logging.Core.dll using Guid(08dcd3a962605714583cac174d5a5e34) Importer(815301076,1909f56bfc062723c751e8b465ee728b)  -> (artifact id: 'f3ccdb985554539ad0e7d5b848b7aefe') in 0.010561 seconds 
========================================================================
Received Import Request.
  Time since last request: 1.835311 seconds.
  path: Assets/Plugins/Microsoft.Extensions.Logging.Abstractions.dll
  artifactKey: Guid(558bed249eac8b9458aecce408f80d69) Importer(815301076,1909f56bfc062723c751e8b465ee728b)
Start importing Assets/Plugins/Microsoft.Extensions.Logging.Abstractions.dll using Guid(558bed249eac8b9458aecce408f80d69) Importer(815301076,1909f56bfc062723c751e8b465ee728b)  -> (artifact id: 'f8d8ecdb850792d57fa180e09702914b') in 0.009141 seconds 
========================================================================
Received Import Request.
  Time since last request: 155.484434 seconds.
  path: Assets/RarityCodeDL/rarity-integration-main/contracts/adventurable
  artifactKey: Guid(fe00e6e9b88aa554c806a05f76a107a1) Importer(815301076,1909f56bfc062723c751e8b465ee728b)
Start importing Assets/RarityCodeDL/rarity-integration-main/contracts/adventurable using Guid(fe00e6e9b88aa554c806a05f76a107a1) Importer(815301076,1909f56bfc062723c751e8b465ee728b)  -> (artifact id: '5b35e8045807bfbf7d2de3d9223c2615') in 0.010766 seconds 
========================================================================
Received Import Request.
  Time since last request: 59.061524 seconds.
  path: Assets/Scripts/adventurable
  artifactKey: Guid(821e6072dfe20764e9666c0844758ebd) Importer(815301076,1909f56bfc062723c751e8b465ee728b)
Start importing Assets/Scripts/adventurable using Guid(821e6072dfe20764e9666c0844758ebd) Importer(815301076,1909f56bfc062723c751e8b465ee728b)  -> (artifact id: 'bc4a646d9d46dc3d404830a8225babba') in 0.005331 seconds 
AssetImportWorkerClient::OnTransportError - code=2 error=End of file
